[23:31:27.193][CONSTRUCT][CLIENT][INFO] Starting building internal Registries
[23:31:28.467][CONSTRUCT][CLIENT][INFO] The following mods have explicit CraftTweaker support:
'aquaculture' at version '1.16.5-2.1.20'
'astralsorcery' at version '1.16.5-1.13.12'
'atum' at version '1.16.5-2.2.7'
'bloodmagic' at version '1.16.4-3.1.1-16'
'botania' at version '1.16.5-419'
'cagedmobs' at version '1.16.5-1.3.4'
'crafttweaker' at version '7.1.2.408'
'cyclic' at version '1.16.5-1.3.6'
'dimstages' at version '3.0.3'
'farmersdelight' at version '1.16.5-0.4.6'
'gamestages' at version '7.3.9'
'itemstages' at version '3.0.6'
'jeitweaker' at version '1.0.1.34'
'pneumaticcraft' at version '1.16.5-2.13.5-218'
'recipestages' at version '2.0.0.18'
[23:31:29.527][CONSTRUCT][CLIENT][INFO] Completed building internal Registries
[23:34:21.486][COMMON_SETUP][CLIENT][INFO] Started loading Scripts for Loader 'setupCommon'!
[23:34:22.515][COMMON_SETUP][CLIENT][INFO] Finished loading Scripts!
